<?xml version="1.0" encoding="UTF-8"?>
<!-- Generated by org.testng.reporters.JUnitReportReporter -->
<testsuite hostname="BA-000113801" name="com.wns.tests.NewTest" tests="1" failures="0" timestamp="29 Dec 2021 04:47:15 GMT" time="46.414" errors="0">
  <testcase name="testMoney" time="46.414" classname="com.wns.tests.NewTest"/>
</testsuite> <!-- com.wns.tests.NewTest -->
